g++ -c algorithms/caesar.cpp -DDEBUG -o caesar.o
g++ -c algorithms/substitution.cpp -DDEBUG -o substitution.o
g++ -c algorithms/vigenere.cpp -DDEBUG -o vigenere.o
g++ -c algorithms/transposition.cpp -DDEBUG -o transposition.o
g++ -o crypto crypto.cpp -DDEBUG caesar.o substitution.o vigenere.o transposition.o
./crypto

Enter new message: 

********************
*** Message Text ***

i am lord voldemort

********************
********************

Main Menu:
  1. Set the message
  2. Encrypt
  3. Decrypt
  Q. Quit

Choice : 
Algorithm Menu:
  1. Caesar
  2. Substitution
  3. Vigenere
  4. Transposition
  M. Return to main menu

Choice : 
Algorithm   : Transposition
Current key : 

For new key enter a row size greater than 1.
To keep current key press ENTER.

Key: DEBUG: 
xMax = 3
yMax = 7
ptLen = 19
0 -> 0 ( x = 0, y = 0 )
1 -> 7 ( x = 1, y = 0 )
2 -> 14 ( x = 2, y = 0 )
3 -> 1 ( x = 0, y = 1 )
4 -> 8 ( x = 1, y = 1 )
5 -> 15 ( x = 2, y = 1 )
6 -> 2 ( x = 0, y = 2 )
7 -> 9 ( x = 1, y = 2 )
8 -> 16 ( x = 2, y = 2 )
9 -> 3 ( x = 0, y = 3 )
10 -> 10 ( x = 1, y = 3 )
11 -> 17 ( x = 2, y = 3 )
12 -> 4 ( x = 0, y = 4 )
13 -> 11 ( x = 1, y = 4 )
14 -> 18 ( x = 2, y = 4 )
15 -> 5 ( x = 0, y = 5 )
16 -> 12 ( x = 1, y = 5 )
17 -> 19 ( x = 2, y = 5 )
18 -> 6 ( x = 0, y = 6 )
19 -> 13 ( x = 1, y = 6 )
20 -> 20 ( x = 2, y = 6 )


********************
*** Message Text ***

imo lmt  rvdo_aldoer_

********************
********************

Main Menu:
  1. Set the message
  2. Encrypt
  3. Decrypt
  Q. Quit

Choice : 
Algorithm Menu:
  1. Caesar
  2. Substitution
  3. Vigenere
  4. Transposition
  M. Return to main menu

Choice : 
Algorithm   : Transposition
Current key : 3

For new key enter a row size greater than 1.
To keep current key press ENTER.

Key: 0 <- 0 ( x = 0, y = 0 )
1 <- 4 ( x = 1, y = 0 )
2 <- 8 ( x = 2, y = 0 )
3 <- 1 ( x = 0, y = 1 )
4 <- 5 ( x = 1, y = 1 )
5 <- 9 ( x = 2, y = 1 )
6 <- 2 ( x = 0, y = 2 )
7 <- 6 ( x = 1, y = 2 )
8 <- 10 ( x = 2, y = 2 )
9 <- 3 ( x = 0, y = 3 )
10 <- 7 ( x = 1, y = 3 )
11 <- 11 ( x = 2, y = 3 )


********************
*** Message Text ***

il mmrotv  d

********************
********************

Main Menu:
  1. Set the message
  2. Encrypt
  3. Decrypt
  Q. Quit

Choice : 